<?xml version="1.0" encoding="UTF-8"?>
<!-- Generated by org.testng.reporters.JUnitReportReporter -->
<testsuite hostname="PaxoTechWin7X64" name="com.paxotech.qa.TestHigbrdg" tests="1" failures="0" timestamp="1 Jun 2015 16:15:06 GMT" time="26.500" errors="0">
  <testcase name="test1" time="26.500" classname="com.paxotech.qa.TestHigbrdg"/>
</testsuite> <!-- com.paxotech.qa.TestHigbrdg -->
